<?xml version="1.0" encoding="UTF-8"?>
<!-- Generated by org.testng.reporters.JUnitReportReporter -->
<testsuite skipped="0" hostname="MBP-Nikolaj.synapse.com" name="com.devchalange.online.test.OpenNewHotelPageTest" tests="1" failures="0" timestamp="16 Jul 2019 12:24:52 GMT" time="3.698" errors="0">
  <testcase name="verifyNewHotelPageOpens" time="3.698" classname="com.devchalange.online.test.OpenNewHotelPageTest"/>
</testsuite> <!-- com.devchalange.online.test.OpenNewHotelPageTest -->
