<?xml version="1.0" encoding="UTF-8"?>
<!-- Generated by org.testng.reporters.JUnitReportReporter -->
<testsuite skipped="0" hostname="MacBook-Pro-Nikolaj.local" name="com.devchalange.online.test.NameTextFieldVerificationTest" tests="1" failures="0" timestamp="17 Jul 2019 13:37:27 GMT" time="1.482" errors="0">
  <testcase name="verifyNewHotelPageOpens" time="1.482" classname="com.devchalange.online.test.NameTextFieldVerificationTest"/>
</testsuite> <!-- com.devchalange.online.test.NameTextFieldVerificationTest -->
