<?xml version="1.0" encoding="UTF-8"?>
<!-- Generated by org.testng.reporters.JUnitReportReporter -->
<testsuite skipped="0" hostname="MacBook-Pro-Nikolaj.local" name="com.devchalange.online.test.OpenNewHotelPageTest" tests="1" failures="0" timestamp="17 Jul 2019 13:53:33 GMT" time="2.928" errors="0">
  <testcase name="verifyNewHotelPageOpens" time="2.928" classname="com.devchalange.online.test.OpenNewHotelPageTest"/>
</testsuite> <!-- com.devchalange.online.test.OpenNewHotelPageTest -->
