<?xml version="1.0" encoding="UTF-8"?>
<!-- Generated by org.testng.reporters.JUnitReportReporter -->
<testsuite skipped="0" hostname="MBP-Nikolaj.synapse.com" name="com.devchalange.online.test.NameTextFieldVerificationTest" tests="1" failures="0" timestamp="16 Jul 2019 09:40:03 GMT" time="1.233" errors="0">
  <testcase name="verifyNewHotelPageOpens" time="1.233" classname="com.devchalange.online.test.NameTextFieldVerificationTest"/>
</testsuite> <!-- com.devchalange.online.test.NameTextFieldVerificationTest -->
