<?xml version="1.0" encoding="UTF-8"?>
<testsuite name="com.devchalange.online.test.NameTextFieldVerificationTest" tests="1" skipped="0" failures="0" errors="0" timestamp="2019-07-16T09:40:02" hostname="MBP-Nikolaj.synapse.com" time="1.233">
  <properties/>
  <testcase name="verifyNewHotelPageOpens" classname="com.devchalange.online.test.NameTextFieldVerificationTest" time="1.233"/>
  <system-out><![CDATA[]]></system-out>
  <system-err><![CDATA[]]></system-err>
</testsuite>
