<?xml version="1.0" encoding="UTF-8"?>
<testsuite name="com.devchalange.online.test.OpenNewHotelPageTest" tests="1" skipped="0" failures="0" errors="0" timestamp="2019-07-17T13:53:29" hostname="MBP-Nikolaj.synapse.com" time="2.928">
  <properties/>
  <testcase name="verifyNewHotelPageOpens" classname="com.devchalange.online.test.OpenNewHotelPageTest" time="2.928"/>
  <system-out><![CDATA[]]></system-out>
  <system-err><![CDATA[Jul 17, 2019 4:53:29 PM com.codeborne.selenide.drivercommands.LazyDriver getAndCheckWebDriver
INFO: No webdriver is bound to current thread: 11 - let's create a new webdriver
Starting ChromeDriver 75.0.3770.8 (681f24ea911fe754973dda2fdc6d2a2e159dd300-refs/branch-heads/3770@{#40}) on port 42397
Only local connections are allowed.
Please protect ports used by ChromeDriver and related test frameworks to prevent access by malicious code.
Jul 17, 2019 4:53:30 PM org.openqa.selenium.remote.ProtocolHandshake createSession
INFO: Detected dialect: W3C
Jul 17, 2019 4:53:30 PM com.codeborne.selenide.webdriver.BrowserResizer adjustBrowserSize
INFO: Set browser size to 1366x768
Jul 17, 2019 4:53:30 PM com.codeborne.selenide.webdriver.WebDriverFactory logBrowserVersion
INFO: BrowserName=chrome Version=75.0.3770.142 Platform=MAC
Jul 17, 2019 4:53:30 PM com.codeborne.selenide.webdriver.WebDriverFactory createWebDriver
INFO: Selenide v. 5.2.4
Jul 17, 2019 4:53:30 PM com.codeborne.selenide.webdriver.WebDriverFactory logSeleniumInfo
INFO: Selenium WebDriver v. 3.141.59 build time: 2018-11-14T08:17:03
Jul 17, 2019 4:53:30 PM com.codeborne.selenide.drivercommands.CreateDriverCommand createDriver
INFO: Create webdriver in current thread 11: ChromeDriver -> ChromeDriver: chrome on MAC (b473c01259bf156cb3753d2eb7ebe95c)
]]></system-err>
</testsuite>
